[19дек.2025 17:26:12.454] [main/INFO] [cpw.mods.modlauncher.Launcher/MODLAUNCHER]: ModLauncher running: args [--launchTarget, forgeclientdev, --version, 21.1.216, --assetIndex, 17, --assetsDir, C:\\Users\\dimal\\.gradle\\caches\\neoformruntime\\assets, --gameDir, ., --fml.fmlVersion, 4.0.42, --fml.mcVersion, 1.21.1, --fml.neoForgeVersion, 21.1.216, --fml.neoFormVersion, 20240808.144430]
[19дек.2025 17:26:12.457] [main/INFO] [cpw.mods.modlauncher.Launcher/MODLAUNCHER]: JVM identified as Oracle Corporation Java HotSpot(TM) 64-Bit Server VM 21.0.8+12-LTS-250
[19дек.2025 17:26:12.458] [main/INFO] [cpw.mods.modlauncher.Launcher/MODLAUNCHER]: ModLauncher 11.0.5+main.901c6ea8 starting: java version 21.0.8 by Oracle Corporation; OS Windows 11 arch amd64 version 10.0
[19дек.2025 17:26:12.588] [main/INFO] [net.neoforged.fml.loading.ImmediateWindowHandler/]: Loading ImmediateWindowProvider fmlearlywindow
[19дек.2025 17:26:12.696] [main/INFO] [EARLYDISPLAY/]: Trying GL version 4.6
[19дек.2025 17:26:12.822] [main/INFO] [EARLYDISPLAY/]: Requested GL version 4.6 got version 4.6
[19дек.2025 17:26:12.947] [main/INFO] [mixin/]: SpongePowered MIXIN Subsystem Version=0.8.7 Source=union:/C:/Users/dimal/.gradle/caches/modules-2/files-2.1/net.fabricmc/sponge-mixin/0.15.2+mixin.0.8.7/2af2f021d8e02a0220dc27a7a72b4666d66d44ca/sponge-mixin-0.15.2+mixin.0.8.7.jar%23138!/ Service=ModLauncher Env=CLIENT
[19дек.2025 17:26:13.094] [pool-2-thread-1/INFO] [EARLYDISPLAY/]: GL info: NVIDIA GeForce RTX 4070 SUPER/PCIe/SSE2 GL version 4.6.0 NVIDIA 581.57, NVIDIA Corporation
[19дек.2025 17:26:13.206] [main/INFO] [net.neoforged.fml.loading.moddiscovery.locators.JarInJarDependencyLocator/]: Found 2 dependencies adding them to mods collection
[19дек.2025 17:26:13.207] [main/INFO] [net.neoforged.fml.loading.moddiscovery.ModDiscoverer/]: 
     Mod List:
		Name Version (Mod Id)

		GeckoLib 4 4.8.2 (geckolib)
		Minecraft 1.21.1 (minecraft)
		NeoForge 21.1.216 (neoforge)
		PoliticsMod 0.1 (politicsmod)
[19дек.2025 17:26:13.776] [main/INFO] [mixin/]: Compatibility level set to JAVA_21
[19дек.2025 17:26:13.787] [main/INFO] [cpw.mods.modlauncher.LaunchServiceHandler/MODLAUNCHER]: Launching target 'forgeclientdev' with arguments [--version, 21.1.216, --gameDir, ., --assetsDir, C:\Users\dimal\.gradle\caches\neoformruntime\assets, --assetIndex, 17]
[19дек.2025 17:26:13.862] [main/WARN] [mixin/]: Reference map 'geckolib.refmap.json' for geckolib.mixins.json could not be read. If this is a development environment you can ignore this message
[19дек.2025 17:26:15.299] [Datafixer Bootstrap/INFO] [com.mojang.datafixers.DataFixerBuilder/]: 229 Datafixer optimizations took 201 milliseconds
[19дек.2025 17:26:15.503] [pool-8-thread-1/INFO] [MixinExtras|Service/]: Initializing MixinExtras via com.llamalad7.mixinextras.service.MixinExtrasServiceImpl(version=0.5.0).
[19дек.2025 17:26:18.819] [main/WARN] [net.minecraft.commands.Commands/]: Ambiguity between arguments [teleport, location] and [teleport, destination] with inputs: [0.1 -0.5 .9, 0 0 0]
[19дек.2025 17:26:18.820] [main/WARN] [net.minecraft.commands.Commands/]: Ambiguity between arguments [teleport, location] and [teleport, targets] with inputs: [0.1 -0.5 .9, 0 0 0]
[19дек.2025 17:26:18.821] [main/WARN] [net.minecraft.commands.Commands/]: Ambiguity between arguments [teleport, destination] and [teleport, targets] with inputs: [Player, 0123, @e, dd12be42-52a9-4a91-a8a1-11c01849e498]
[19дек.2025 17:26:18.822] [main/WARN] [net.minecraft.commands.Commands/]: Ambiguity between arguments [teleport, targets] and [teleport, destination] with inputs: [Player, 0123, dd12be42-52a9-4a91-a8a1-11c01849e498]
[19дек.2025 17:26:18.822] [main/WARN] [net.minecraft.commands.Commands/]: Ambiguity between arguments [teleport, targets, location] and [teleport, targets, destination] with inputs: [0.1 -0.5 .9, 0 0 0]
[19дек.2025 17:26:18.901] [Render thread/WARN] [net.minecraft.server.packs.VanillaPackResourcesBuilder/]: Assets URL 'union:/C:/Users/dimal/Documents/mc_mods/politics-mod/build/moddev/artifacts/neoforge-21.1.216.jar%23189!/assets/.mcassetsroot' uses unexpected schema
[19дек.2025 17:26:18.901] [Render thread/WARN] [net.minecraft.server.packs.VanillaPackResourcesBuilder/]: Assets URL 'union:/C:/Users/dimal/Documents/mc_mods/politics-mod/build/moddev/artifacts/neoforge-21.1.216.jar%23189!/data/.mcassetsroot' uses unexpected schema
[19дек.2025 17:26:18.930] [Render thread/INFO] [com.mojang.authlib.yggdrasil.YggdrasilAuthenticationService/]: Environment: Environment[sessionHost=https://sessionserver.mojang.com, servicesHost=https://api.minecraftservices.com, name=PROD]
[19дек.2025 17:26:18.935] [Render thread/INFO] [net.minecraft.client.Minecraft/]: Setting user: Dev
[19дек.2025 17:26:19.016] [Render thread/INFO] [net.minecraft.client.Minecraft/]: Backend library: LWJGL version 3.3.3+5
[19дек.2025 17:26:19.231] [modloading-worker-0/INFO] [net.neoforged.neoforge.common.NeoForgeMod/NEOFORGE-MOD]: NeoForge mod loading, version 21.1.216, for MC 1.21.1
[19дек.2025 17:26:19.606] [Render thread/INFO] [net.neoforged.neoforge.gametest.GameTestHooks/]: Enabled Gametest Namespaces: [politicsmod]
[19дек.2025 17:26:19.687] [Render thread/INFO] [net.minecraft.server.packs.resources.ReloadableResourceManager/]: Reloading ResourceManager: vanilla, mod_resources, mod/politicsmod, mod/geckolib, mod/neoforge
[19дек.2025 17:26:19.844] [Worker-Main-14/INFO] [net.minecraft.client.gui.font.providers.UnihexProvider/]: Found unifont_all_no_pua-15.1.05.hex, loading
[19дек.2025 17:26:19.844] [Worker-Main-13/INFO] [net.minecraft.client.gui.font.providers.UnihexProvider/]: Found unifont_jp_patch-15.1.05.hex, loading
[19дек.2025 17:26:20.265] [Worker-Main-9/WARN] [net.minecraft.client.resources.model.BlockStateModelLoader/]: Exception loading blockstate definition: 'politicsmod:blockstates/trade_warehouse.json' missing model for variant: 'politicsmod:trade_warehouse#'
[19дек.2025 17:26:20.269] [Worker-Main-9/WARN] [net.minecraft.client.resources.model.ModelBakery/]: Unable to load model: 'politicsmod:item/trade_warehouse' referenced from: politicsmod:item/trade_warehouse: java.io.FileNotFoundException: politicsmod:models/item/trade_warehouse.json
[19дек.2025 17:26:20.573] [Worker-Main-9/WARN] [net.minecraft.client.resources.model.ModelManager/]: Missing textures in model politicsmod:founding_stone#:
    minecraft:textures/atlas/blocks.png:politicsmod:block/founding_stone
[19дек.2025 17:26:20.779] [Render thread/WARN] [net.minecraft.client.sounds.SoundEngine/]: Missing sound for event: minecraft:item.goat_horn.play
[19дек.2025 17:26:20.780] [Render thread/WARN] [net.minecraft.client.sounds.SoundEngine/]: Missing sound for event: minecraft:entity.goat.screaming.horn_break
[19дек.2025 17:26:20.874] [Render thread/INFO] [com.mojang.blaze3d.audio.Library/]: OpenAL initialized on device OpenAL Soft on Динамики (Logitech PRO X Gaming Headset)
[19дек.2025 17:26:20.874] [Render thread/INFO] [net.minecraft.client.sounds.SoundEngine/SOUNDS]: Sound engine started
[19дек.2025 17:26:20.941] [Render thread/INFO] [net.minecraft.client.renderer.texture.TextureAtlas/]: Created: 1024x512x4 minecraft:textures/atlas/blocks.png-atlas
[19дек.2025 17:26:20.946] [Render thread/INFO] [net.minecraft.client.renderer.texture.TextureAtlas/]: Created: 256x256x4 minecraft:textures/atlas/signs.png-atlas
[19дек.2025 17:26:20.946] [Render thread/INFO] [net.minecraft.client.renderer.texture.TextureAtlas/]: Created: 512x512x4 minecraft:textures/atlas/banner_patterns.png-atlas
[19дек.2025 17:26:20.946] [Render thread/INFO] [net.minecraft.client.renderer.texture.TextureAtlas/]: Created: 512x512x4 minecraft:textures/atlas/shield_patterns.png-atlas
[19дек.2025 17:26:20.947] [Render thread/INFO] [net.minecraft.client.renderer.texture.TextureAtlas/]: Created: 1024x1024x4 minecraft:textures/atlas/armor_trims.png-atlas
[19дек.2025 17:26:20.948] [Render thread/INFO] [net.minecraft.client.renderer.texture.TextureAtlas/]: Created: 256x256x4 minecraft:textures/atlas/chest.png-atlas
[19дек.2025 17:26:20.948] [Render thread/INFO] [net.minecraft.client.renderer.texture.TextureAtlas/]: Created: 128x64x4 minecraft:textures/atlas/decorated_pot.png-atlas
[19дек.2025 17:26:20.949] [Render thread/INFO] [net.minecraft.client.renderer.texture.TextureAtlas/]: Created: 512x256x4 minecraft:textures/atlas/beds.png-atlas
[19дек.2025 17:26:20.949] [Render thread/INFO] [net.minecraft.client.renderer.texture.TextureAtlas/]: Created: 512x256x4 minecraft:textures/atlas/shulker_boxes.png-atlas
[19дек.2025 17:26:21.047] [Render thread/INFO] [net.minecraft.client.renderer.texture.TextureAtlas/]: Created: 512x256x0 minecraft:textures/atlas/particles.png-atlas
[19дек.2025 17:26:21.048] [Render thread/INFO] [net.minecraft.client.renderer.texture.TextureAtlas/]: Created: 512x256x0 minecraft:textures/atlas/paintings.png-atlas
[19дек.2025 17:26:21.048] [Render thread/INFO] [net.minecraft.client.renderer.texture.TextureAtlas/]: Created: 256x128x0 minecraft:textures/atlas/mob_effects.png-atlas
[19дек.2025 17:26:21.048] [Render thread/INFO] [net.minecraft.client.renderer.texture.TextureAtlas/]: Created: 64x64x0 minecraft:textures/atlas/map_decorations.png-atlas
[19дек.2025 17:26:21.049] [Render thread/INFO] [net.minecraft.client.renderer.texture.TextureAtlas/]: Created: 1024x512x0 minecraft:textures/atlas/gui.png-atlas
[19дек.2025 17:26:21.060] [Render thread/WARN] [net.minecraft.client.renderer.ShaderInstance/]: Shader rendertype_entity_translucent_emissive could not find sampler named Sampler2 in the specified shader program.
[19дек.2025 17:26:21.091] [Render thread/INFO] [net.neoforged.neoforge.client.entity.animation.json.AnimationLoader/]: Loaded 0 entity animations
[19дек.2025 17:26:23.834] [Render thread/INFO] [net.minecraft.client.Minecraft/]: Stopping!
